<?xml version="1.0" encoding="UTF-8"?>
<!-- Generated by org.testng.reporters.JUnitReportReporter -->
<testsuite skipped="0" hostname="Pramod" name="com.bms.demo.ThroughCinema" tests="6" failures="0" timestamp="23 Feb 2019 10:32:21 GMT" time="55.193" errors="0">
  <testcase name="test01LandingPage" time="11.913" classname="com.bms.demo.ThroughCinema"/>
  <testcase name="test06SelectSeatPage" time="15.083" classname="com.bms.demo.ThroughCinema"/>
  <testcase name="test04SearchCinemaPage" time="8.214" classname="com.bms.demo.ThroughCinema"/>
  <testcase name="test02MoviesPage" time="5.316" classname="com.bms.demo.ThroughCinema"/>
  <testcase name="test03SelectCinemaPage" time="6.762" classname="com.bms.demo.ThroughCinema"/>
  <testcase name="test05SelectShowPage" time="7.905" classname="com.bms.demo.ThroughCinema"/>
</testsuite> <!-- com.bms.demo.ThroughCinema -->
