<?xml version="1.0" encoding="UTF-8"?>
<!-- Generated by org.testng.reporters.JUnitReportReporter -->
<testsuite skipped="0" hostname="Pramod" name="com.bms.demo.ThroughMovieListing" tests="5" failures="0" timestamp="23 Feb 2019 10:34:36 GMT" time="74.848" errors="0">
  <testcase name="test01LandingPage" time="11.863" classname="com.bms.demo.ThroughMovieListing"/>
  <testcase name="test04SelectShowPage" time="9.036" classname="com.bms.demo.ThroughMovieListing"/>
  <testcase name="test05SelectSeatPage" time="27.160" classname="com.bms.demo.ThroughMovieListing"/>
  <testcase name="test02MoviesPage" time="3.034" classname="com.bms.demo.ThroughMovieListing"/>
  <testcase name="test03BookTicketPage" time="23.755" classname="com.bms.demo.ThroughMovieListing"/>
</testsuite> <!-- com.bms.demo.ThroughMovieListing -->
